c:\users\karolina\documents\studia\grafik\12minut\12minut\gkiw_lab6\debug\12minutes.pch
c:\users\karolina\documents\studia\grafik\12minut\12minut\gkiw_lab6\debug\vc140.pdb
c:\users\karolina\documents\studia\grafik\12minut\12minut\gkiw_lab6\debug\vc140.idb
c:\users\karolina\documents\studia\grafik\12minut\12minut\gkiw_lab6\debug\stdafx.obj
c:\users\karolina\documents\studia\grafik\12minut\12minut\gkiw_lab6\debug\bitmap.obj
c:\users\karolina\documents\studia\grafik\12minut\12minut\gkiw_lab6\debug\interface.obj
c:\users\karolina\documents\studia\grafik\12minut\12minut\gkiw_lab6\debug\rotationmodifier.obj
c:\users\karolina\documents\studia\grafik\12minut\12minut\gkiw_lab6\debug\sizemodifier.obj
c:\users\karolina\documents\studia\grafik\12minut\12minut\gkiw_lab6\debug\collectable.obj
c:\users\karolina\documents\studia\grafik\12minut\12minut\gkiw_lab6\debug\collectingmanager.obj
c:\users\karolina\documents\studia\grafik\12minut\12minut\gkiw_lab6\debug\colliding.obj
c:\users\karolina\documents\studia\grafik\12minut\12minut\gkiw_lab6\debug\collidingitem.obj
c:\users\karolina\documents\studia\grafik\12minut\12minut\gkiw_lab6\debug\collisiondetection.obj
c:\users\karolina\documents\studia\grafik\12minut\12minut\gkiw_lab6\debug\collisionpolygon.obj
c:\users\karolina\documents\studia\grafik\12minut\12minut\gkiw_lab6\debug\12minutes.obj
c:\users\karolina\documents\studia\grafik\12minut\12minut\gkiw_lab6\debug\item.obj
c:\users\karolina\documents\studia\grafik\12minut\12minut\gkiw_lab6\debug\itemsonscene.obj
c:\users\karolina\documents\studia\grafik\12minut\12minut\gkiw_lab6\debug\modifier.obj
c:\users\karolina\documents\studia\grafik\12minut\12minut\gkiw_lab6\debug\objloader.obj
c:\users\karolina\documents\studia\grafik\12minut\12minut\gkiw_lab6\debug\scene.obj
c:\users\karolina\documents\studia\grafik\12minut\12minut\gkiw_lab6\debug\sceneobject.obj
c:\users\karolina\documents\studia\grafik\12minut\12minut\gkiw_lab6\debug\texture.obj
c:\users\karolina\documents\studia\grafik\12minut\12minut\gkiw_lab6\debug\timehandler.obj
c:\users\karolina\documents\studia\grafik\12minut\12minut\gkiw_lab6\debug\wall.obj
c:\users\karolina\documents\studia\grafik\12minut\12minut\debug\12minutes.ilk
c:\users\karolina\documents\studia\grafik\12minut\12minut\debug\12minutes.exe
c:\users\karolina\documents\studia\grafik\12minut\12minut\debug\12minutes.pdb
c:\users\karolina\documents\studia\grafik\12minut\12minut\gkiw_lab6\debug\12minutes.tlog\cl.command.1.tlog
c:\users\karolina\documents\studia\grafik\12minut\12minut\gkiw_lab6\debug\12minutes.tlog\cl.read.1.tlog
c:\users\karolina\documents\studia\grafik\12minut\12minut\gkiw_lab6\debug\12minutes.tlog\cl.write.1.tlog
c:\users\karolina\documents\studia\grafik\12minut\12minut\gkiw_lab6\debug\12minutes.tlog\link.command.1.tlog
c:\users\karolina\documents\studia\grafik\12minut\12minut\gkiw_lab6\debug\12minutes.tlog\link.read.1.tlog
c:\users\karolina\documents\studia\grafik\12minut\12minut\gkiw_lab6\debug\12minutes.tlog\link.write.1.tlog
