C:\Program Files (x86)\MSBuild\Microsoft.Cpp\v4.0\V140\Microsoft.CppBuild.targets(392,5): warning MSB8028: The intermediate directory (Debug\) contains files shared from another project (GKiW_Lab6.vcxproj).  This can lead to incorrect clean and rebuild behavior.
  SizeModifier.cpp
c:\users\karolina\documents\studia\grafik\12minut\12minut\gkiw_lab6\sizemodifier.cpp(6): warning C4244: 'argument': conversion from 'int' to 'float', possible loss of data
c:\users\karolina\documents\studia\grafik\12minut\12minut\gkiw_lab6\sizemodifier.cpp(19): warning C4305: '*=': truncation from 'double' to 'float'
  Scene.cpp
c:\users\karolina\documents\studia\grafik\12minut\12minut\gkiw_lab6\scene.cpp(9): warning C4018: '<': signed/unsigned mismatch
c:\users\karolina\documents\studia\grafik\12minut\12minut\gkiw_lab6\scene.cpp(76): warning C4305: 'argument': truncation from 'double' to 'float'
c:\users\karolina\documents\studia\grafik\12minut\12minut\gkiw_lab6\scene.cpp(77): warning C4305: 'argument': truncation from 'double' to 'float'
c:\users\karolina\documents\studia\grafik\12minut\12minut\gkiw_lab6\scene.cpp(78): warning C4305: 'argument': truncation from 'double' to 'float'
c:\users\karolina\documents\studia\grafik\12minut\12minut\gkiw_lab6\scene.cpp(219): warning C4305: '/=': truncation from 'double' to 'float'
c:\users\karolina\documents\studia\grafik\12minut\12minut\gkiw_lab6\scene.cpp(220): warning C4305: '/=': truncation from 'double' to 'float'
c:\users\karolina\documents\studia\grafik\12minut\12minut\gkiw_lab6\scene.cpp(221): warning C4305: '/=': truncation from 'double' to 'float'
c:\users\karolina\documents\studia\grafik\12minut\12minut\gkiw_lab6\scene.cpp(222): warning C4305: '/=': truncation from 'double' to 'float'
c:\users\karolina\documents\studia\grafik\12minut\12minut\gkiw_lab6\scene.cpp(229): warning C4018: '<': signed/unsigned mismatch
c:\users\karolina\documents\studia\grafik\12minut\12minut\gkiw_lab6\scene.cpp(286): warning C4018: '<': signed/unsigned mismatch
c:\users\karolina\documents\studia\grafik\12minut\12minut\gkiw_lab6\scene.cpp(327): warning C4244: 'argument': conversion from 'double' to 'int', possible loss of data
  Generating Code...
  GKiW_Lab6.vcxproj -> C:\Users\Karolina\Documents\Studia\Grafik\12minut\12Minut\Debug\12minutes.exe
          1 file(s) copied.
  C:\Users\Karolina\Documents\Studia\Grafik\12minut\12Minut\GKiW_Lab6\Resources\Box.bmp
  C:\Users\Karolina\Documents\Studia\Grafik\12minut\12Minut\GKiW_Lab6\Resources\Grass.bmp
  C:\Users\Karolina\Documents\Studia\Grafik\12minut\12Minut\GKiW_Lab6\Resources\Skydome.bmp
  3 File(s) copied
