c:\users\karolina\documents\studia\grafik\12minut\12minut\gkiw_lab6\release\12minutes.pch
c:\users\karolina\documents\studia\grafik\12minut\12minut\gkiw_lab6\release\vc140.pdb
c:\users\karolina\documents\studia\grafik\12minut\12minut\gkiw_lab6\release\stdafx.obj
c:\users\karolina\documents\studia\grafik\12minut\12minut\gkiw_lab6\release\wall.obj
c:\users\karolina\documents\studia\grafik\12minut\12minut\gkiw_lab6\release\timehandler.obj
c:\users\karolina\documents\studia\grafik\12minut\12minut\gkiw_lab6\release\texture.obj
c:\users\karolina\documents\studia\grafik\12minut\12minut\gkiw_lab6\release\sceneobject.obj
c:\users\karolina\documents\studia\grafik\12minut\12minut\gkiw_lab6\release\scene.obj
c:\users\karolina\documents\studia\grafik\12minut\12minut\gkiw_lab6\release\objloader.obj
c:\users\karolina\documents\studia\grafik\12minut\12minut\gkiw_lab6\release\modifier.obj
c:\users\karolina\documents\studia\grafik\12minut\12minut\gkiw_lab6\release\itemsonscene.obj
c:\users\karolina\documents\studia\grafik\12minut\12minut\gkiw_lab6\release\item.obj
c:\users\karolina\documents\studia\grafik\12minut\12minut\gkiw_lab6\release\12minutes.obj
c:\users\karolina\documents\studia\grafik\12minut\12minut\gkiw_lab6\release\collisionpolygon.obj
c:\users\karolina\documents\studia\grafik\12minut\12minut\gkiw_lab6\release\collisiondetection.obj
c:\users\karolina\documents\studia\grafik\12minut\12minut\gkiw_lab6\release\collidingitem.obj
c:\users\karolina\documents\studia\grafik\12minut\12minut\gkiw_lab6\release\colliding.obj
c:\users\karolina\documents\studia\grafik\12minut\12minut\gkiw_lab6\release\collectingmanager.obj
c:\users\karolina\documents\studia\grafik\12minut\12minut\gkiw_lab6\release\collectable.obj
c:\users\karolina\documents\studia\grafik\12minut\12minut\gkiw_lab6\release\sizemodifier.obj
c:\users\karolina\documents\studia\grafik\12minut\12minut\gkiw_lab6\release\rotationmodifier.obj
c:\users\karolina\documents\studia\grafik\12minut\12minut\gkiw_lab6\release\interface.obj
c:\users\karolina\documents\studia\grafik\12minut\12minut\gkiw_lab6\release\bitmap.obj
c:\users\karolina\documents\studia\grafik\12minut\12minut\release\12minutes.exe
c:\users\karolina\documents\studia\grafik\12minut\12minut\release\12minutes.ipdb
c:\users\karolina\documents\studia\grafik\12minut\12minut\release\12minutes.iobj
c:\users\karolina\documents\studia\grafik\12minut\12minut\release\12minutes.pdb
c:\users\karolina\documents\studia\grafik\12minut\12minut\gkiw_lab6\release\12minutes.tlog\cl.command.1.tlog
c:\users\karolina\documents\studia\grafik\12minut\12minut\gkiw_lab6\release\12minutes.tlog\cl.read.1.tlog
c:\users\karolina\documents\studia\grafik\12minut\12minut\gkiw_lab6\release\12minutes.tlog\cl.write.1.tlog
c:\users\karolina\documents\studia\grafik\12minut\12minut\gkiw_lab6\release\12minutes.tlog\link.command.1.tlog
c:\users\karolina\documents\studia\grafik\12minut\12minut\gkiw_lab6\release\12minutes.tlog\link.read.1.tlog
c:\users\karolina\documents\studia\grafik\12minut\12minut\gkiw_lab6\release\12minutes.tlog\link.write.1.tlog
